2013/04/20 17:52:03 INFO  - jmeter.util.JMeterUtils: Setting Locale to en_US 
2013/04/20 17:52:03 INFO  - jmeter.JMeter: Loading user properties from: /Users/mccalv/java/jakarta-jmeter-2.5.1/bin/user.properties 
2013/04/20 17:52:03 INFO  - jmeter.JMeter: Loading system properties from: /Users/mccalv/java/jakarta-jmeter-2.5.1/bin/system.properties 
2013/04/20 17:52:03 INFO  - jmeter.JMeter: Copyright (c) 1998-2011 The Apache Software Foundation 
2013/04/20 17:52:03 INFO  - jmeter.JMeter: Version 2.5.1 r1177103 
2013/04/20 17:52:03 INFO  - jmeter.JMeter: java.version=1.6.0_43 
2013/04/20 17:52:03 INFO  - jmeter.JMeter: java.vm.name=Java HotSpot(TM) 64-Bit Server VM 
2013/04/20 17:52:03 INFO  - jmeter.JMeter: os.name=Mac OS X 
2013/04/20 17:52:03 INFO  - jmeter.JMeter: os.arch=x86_64 
2013/04/20 17:52:03 INFO  - jmeter.JMeter: os.version=10.8.3 
2013/04/20 17:52:03 INFO  - jmeter.JMeter: file.encoding=MacRoman 
2013/04/20 17:52:03 INFO  - jmeter.JMeter: Default Locale=English (United States) 
2013/04/20 17:52:03 INFO  - jmeter.JMeter: JMeter  Locale=English (United States) 
2013/04/20 17:52:03 INFO  - jmeter.JMeter: JMeterHome=/Users/mccalv/java/jakarta-jmeter-2.5.1 
2013/04/20 17:52:03 INFO  - jmeter.JMeter: user.dir  =/Users/mccalv/workspace/smartmove_server 
2013/04/20 17:52:03 INFO  - jmeter.JMeter: PWD       =/Users/mccalv/workspace/smartmove_server 
2013/04/20 17:52:03 INFO  - jmeter.JMeter: IP: 192.168.1.129 Name: mccalv-2.local FullName: 192.168.1.129 
2013/04/20 17:52:03 INFO  - jmeter.JMeter: Loaded icon properties from org/apache/jmeter/images/icon.properties 
2013/04/20 17:52:11 INFO  - jmeter.engine.util.CompoundVariable: Note: Function class names must contain the string: '.functions.' 
2013/04/20 17:52:11 INFO  - jmeter.engine.util.CompoundVariable: Note: Function class names must not contain the string: '.gui.' 
2013/04/20 17:52:15 INFO  - jmeter.util.BSFTestElement: Registering JMeter version of JavaScript engine as work-round for BSF-22 
2013/04/20 17:52:16 INFO  - jmeter.protocol.http.sampler.HTTPSamplerBase: Cannot find .className property for htmlParser, using default 
2013/04/20 17:52:16 INFO  - jmeter.protocol.http.sampler.HTTPSamplerBase: Parser for text/html is  
2013/04/20 17:52:16 INFO  - jmeter.protocol.http.sampler.HTTPSamplerBase: Parser for application/xhtml+xml is  
2013/04/20 17:52:16 INFO  - jmeter.protocol.http.sampler.HTTPSamplerBase: Parser for application/xml is  
2013/04/20 17:52:16 INFO  - jmeter.protocol.http.sampler.HTTPSamplerBase: Parser for text/xml is  
2013/04/20 17:52:16 INFO  - jmeter.protocol.http.sampler.HTTPSamplerBase: Parser for text/vnd.wap.wml is org.apache.jmeter.protocol.http.parser.RegexpHTMLParser 
2013/04/20 17:52:16 INFO  - jmeter.protocol.http.sampler.HTTPSamplerBase: Reuse SSL session context on subsequent iterations: true 
2013/04/20 17:52:16 INFO  - jmeter.protocol.http.control.CookieManager: Settings: Delete null: true Check: true Allow variable: true Save: false Prefix: COOKIE_ 
2013/04/20 17:52:17 INFO  - jmeter.gui.util.MenuFactory: Skipping org.apache.jmeter.protocol.http.modifier.gui.ParamModifierGui 
2013/04/20 17:52:17 INFO  - jmeter.gui.util.MenuFactory: Skipping org.apache.jmeter.protocol.http.modifier.gui.UserParameterModifierGui 
2013/04/20 17:52:18 INFO  - jmeter.samplers.SampleResult: Note: Sample TimeStamps are START times 
2013/04/20 17:52:18 INFO  - jmeter.samplers.SampleResult: sampleresult.default.encoding is set to ISO-8859-1 
2013/04/20 17:52:18 INFO  - jmeter.samplers.SampleResult: sampleresult.useNanoTime=true 
2013/04/20 17:52:21 INFO  - jmeter.services.FileServer: Default base='/Users/mccalv/workspace/smartmove_server' 
2013/04/20 17:52:21 INFO  - jmeter.gui.action.Load: Loading file: /Users/mccalv/Desktop/Server Settings.jmx 
2013/04/20 17:52:21 INFO  - jmeter.services.FileServer: Set new base '/Users/mccalv/Desktop' 
2013/04/20 17:52:21 INFO  - jmeter.save.SaveService: Testplan (JMX) version: 2.2. Testlog (JTL) version: 2.2 
2013/04/20 17:52:21 INFO  - jmeter.save.SaveService: Using SaveService properties file encoding UTF-8 
2013/04/20 17:52:21 INFO  - jmeter.save.SaveService: Using SaveService properties file version 1050447 
2013/04/20 17:52:21 INFO  - jmeter.save.SaveService: Using SaveService properties version 2.1 
2013/04/20 17:52:21 INFO  - jmeter.save.SaveService: All converter versions present and correct 
2013/04/20 17:52:22 INFO  - jmeter.services.FileServer: Set new base='/Users/mccalv/Desktop' 
2013/04/20 18:05:09 INFO  - jmeter.engine.StandardJMeterEngine: Listeners will be started after enabling running version 
2013/04/20 18:05:09 INFO  - jmeter.engine.StandardJMeterEngine: To revert to the earlier behaviour, define jmeterengine.startlistenerslater=false 
2013/04/20 18:05:09 INFO  - jmeter.engine.StandardJMeterEngine: Running the test! 
2013/04/20 18:05:09 INFO  - jmeter.gui.util.JMeterMenuBar: setRunning(true,*local*) 
2013/04/20 18:05:10 INFO  - jmeter.engine.StandardJMeterEngine: Starting 1 threads for group MatchPointRestFulService. 
2013/04/20 18:05:10 INFO  - jmeter.engine.StandardJMeterEngine: Thread will continue on error 
2013/04/20 18:05:10 INFO  - jmeter.threads.JMeterThread: jmeterthread.startearlier=true (see jmeter.properties) 
2013/04/20 18:05:10 INFO  - jmeter.threads.JMeterThread: Running PostProcessors in forward order 
2013/04/20 18:05:10 INFO  - jmeter.engine.StandardJMeterEngine: All threads have been started 
2013/04/20 18:05:10 INFO  - jmeter.threads.JMeterThread: Thread started: MatchPointRestFulService 1-1 
2013/04/20 18:05:10 INFO  - jmeter.protocol.http.sampler.HTTPJavaImpl: Maximum connection retries = 10 
2013/04/20 18:05:10 ERROR - jmeter.protocol.http.sampler.HTTPJavaImpl: readResponse: java.io.IOException: Server returned HTTP response code: 500 for URL: http://localhost:8080/sesmweb/service/rest/contacts/getlogin 
2013/04/20 18:05:10 ERROR - jmeter.protocol.http.sampler.HTTPJavaImpl: Cause: java.io.IOException: Server returned HTTP response code: 500 for URL: http://localhost:8080/sesmweb/service/rest/contacts/getlogin 
2013/04/20 18:05:10 INFO  - jmeter.protocol.http.sampler.HTTPJavaImpl: Error Response Code: 500 
2013/04/20 18:05:10 INFO  - jmeter.threads.JMeterThread: Thread finished: MatchPointRestFulService 1-1 
2013/04/20 18:05:10 INFO  - jmeter.engine.StandardJMeterEngine: Ending thread MatchPointRestFulService 1-1 
2013/04/20 18:05:10 INFO  - jmeter.engine.StandardJMeterEngine: Notifying test listeners of end of test 
2013/04/20 18:05:10 INFO  - jmeter.gui.util.JMeterMenuBar: setRunning(false,*local*) 
2013/04/20 18:05:10 INFO  - jmeter.engine.StandardJMeterEngine: Test has ended on host null 
2013/04/20 18:08:32 INFO  - jmeter.engine.StandardJMeterEngine: Running the test! 
2013/04/20 18:08:32 INFO  - jmeter.gui.util.JMeterMenuBar: setRunning(true,*local*) 
2013/04/20 18:08:32 INFO  - jmeter.engine.StandardJMeterEngine: Starting 1 threads for group MatchPointRestFulService. 
2013/04/20 18:08:32 INFO  - jmeter.engine.StandardJMeterEngine: Thread will continue on error 
2013/04/20 18:08:32 INFO  - jmeter.engine.StandardJMeterEngine: All threads have been started 
2013/04/20 18:08:32 INFO  - jmeter.threads.JMeterThread: Thread started: MatchPointRestFulService 1-1 
2013/04/20 18:08:51 ERROR - jmeter.protocol.http.sampler.HTTPJavaImpl: readResponse: java.net.ConnectException: Connection refused 
2013/04/20 18:08:51 ERROR - jmeter.protocol.http.sampler.HTTPJavaImpl: Cause: java.net.ConnectException: Connection refused 
2013/04/20 18:08:51 INFO  - jmeter.threads.JMeterThread: Thread finished: MatchPointRestFulService 1-1 
2013/04/20 18:08:51 INFO  - jmeter.engine.StandardJMeterEngine: Ending thread MatchPointRestFulService 1-1 
2013/04/20 18:08:51 INFO  - jmeter.engine.StandardJMeterEngine: Notifying test listeners of end of test 
2013/04/20 18:08:51 INFO  - jmeter.gui.util.JMeterMenuBar: setRunning(false,*local*) 
2013/04/20 18:08:51 INFO  - jmeter.engine.StandardJMeterEngine: Test has ended on host null 
2013/04/20 18:09:17 INFO  - jmeter.engine.StandardJMeterEngine: Running the test! 
2013/04/20 18:09:17 INFO  - jmeter.gui.util.JMeterMenuBar: setRunning(true,*local*) 
2013/04/20 18:09:17 INFO  - jmeter.engine.StandardJMeterEngine: Starting 1 threads for group MatchPointRestFulService. 
2013/04/20 18:09:17 INFO  - jmeter.engine.StandardJMeterEngine: Thread will continue on error 
2013/04/20 18:09:17 INFO  - jmeter.engine.StandardJMeterEngine: All threads have been started 
2013/04/20 18:09:17 INFO  - jmeter.threads.JMeterThread: Thread started: MatchPointRestFulService 1-1 
2013/04/20 18:09:31 INFO  - jmeter.threads.JMeterThread: Thread finished: MatchPointRestFulService 1-1 
2013/04/20 18:09:31 INFO  - jmeter.engine.StandardJMeterEngine: Ending thread MatchPointRestFulService 1-1 
2013/04/20 18:09:31 INFO  - jmeter.engine.StandardJMeterEngine: Notifying test listeners of end of test 
2013/04/20 18:09:31 INFO  - jmeter.gui.util.JMeterMenuBar: setRunning(false,*local*) 
2013/04/20 18:09:31 INFO  - jmeter.engine.StandardJMeterEngine: Test has ended on host null 
2013/04/20 18:09:33 INFO  - jmeter.engine.StandardJMeterEngine: Running the test! 
2013/04/20 18:09:33 INFO  - jmeter.gui.util.JMeterMenuBar: setRunning(true,*local*) 
2013/04/20 18:09:33 INFO  - jmeter.engine.StandardJMeterEngine: Starting 1 threads for group MatchPointRestFulService. 
2013/04/20 18:09:33 INFO  - jmeter.engine.StandardJMeterEngine: Thread will continue on error 
2013/04/20 18:09:33 INFO  - jmeter.engine.StandardJMeterEngine: All threads have been started 
2013/04/20 18:09:33 INFO  - jmeter.threads.JMeterThread: Thread started: MatchPointRestFulService 1-1 
2013/04/20 18:09:33 INFO  - jmeter.threads.JMeterThread: Thread finished: MatchPointRestFulService 1-1 
2013/04/20 18:09:33 INFO  - jmeter.engine.StandardJMeterEngine: Ending thread MatchPointRestFulService 1-1 
2013/04/20 18:09:33 INFO  - jmeter.engine.StandardJMeterEngine: Notifying test listeners of end of test 
2013/04/20 18:09:33 INFO  - jmeter.gui.util.JMeterMenuBar: setRunning(false,*local*) 
2013/04/20 18:09:33 INFO  - jmeter.engine.StandardJMeterEngine: Test has ended on host null 
2013/04/20 18:33:19 INFO  - jmeter.engine.StandardJMeterEngine: Running the test! 
2013/04/20 18:33:19 INFO  - jmeter.gui.util.JMeterMenuBar: setRunning(true,*local*) 
2013/04/20 18:33:19 INFO  - jmeter.engine.StandardJMeterEngine: Starting 1 threads for group MatchPointRestFulService. 
2013/04/20 18:33:19 INFO  - jmeter.engine.StandardJMeterEngine: Thread will continue on error 
2013/04/20 18:33:19 INFO  - jmeter.engine.StandardJMeterEngine: All threads have been started 
2013/04/20 18:33:19 INFO  - jmeter.threads.JMeterThread: Thread started: MatchPointRestFulService 1-1 
2013/04/20 18:33:19 INFO  - jmeter.threads.JMeterThread: Thread finished: MatchPointRestFulService 1-1 
2013/04/20 18:33:19 INFO  - jmeter.engine.StandardJMeterEngine: Ending thread MatchPointRestFulService 1-1 
2013/04/20 18:33:19 INFO  - jmeter.engine.StandardJMeterEngine: Notifying test listeners of end of test 
2013/04/20 18:33:19 INFO  - jmeter.gui.util.JMeterMenuBar: setRunning(false,*local*) 
2013/04/20 18:33:19 INFO  - jmeter.engine.StandardJMeterEngine: Test has ended on host null 
2013/04/20 18:33:40 INFO  - jmeter.engine.StandardJMeterEngine: Running the test! 
2013/04/20 18:33:40 INFO  - jmeter.gui.util.JMeterMenuBar: setRunning(true,*local*) 
2013/04/20 18:33:41 INFO  - jmeter.engine.StandardJMeterEngine: Starting 1 threads for group MatchPointRestFulService. 
2013/04/20 18:33:41 INFO  - jmeter.engine.StandardJMeterEngine: Thread will continue on error 
2013/04/20 18:33:41 INFO  - jmeter.threads.JMeterThread: Thread started: MatchPointRestFulService 1-1 
2013/04/20 18:33:41 INFO  - jmeter.engine.StandardJMeterEngine: All threads have been started 
2013/04/20 18:33:41 ERROR - jmeter.protocol.http.sampler.HTTPJavaImpl: readResponse: java.io.IOException: Server returned HTTP response code: 500 for URL: http://localhost:8080/sesmweb/service/rest/contacts/getlogin 
2013/04/20 18:33:41 ERROR - jmeter.protocol.http.sampler.HTTPJavaImpl: Cause: java.io.IOException: Server returned HTTP response code: 500 for URL: http://localhost:8080/sesmweb/service/rest/contacts/getlogin 
2013/04/20 18:33:41 INFO  - jmeter.protocol.http.sampler.HTTPJavaImpl: Error Response Code: 500, Server sent no Errorpage 
2013/04/20 18:33:41 INFO  - jmeter.threads.JMeterThread: Thread finished: MatchPointRestFulService 1-1 
2013/04/20 18:33:41 INFO  - jmeter.engine.StandardJMeterEngine: Ending thread MatchPointRestFulService 1-1 
2013/04/20 18:33:41 INFO  - jmeter.engine.StandardJMeterEngine: Notifying test listeners of end of test 
2013/04/20 18:33:41 INFO  - jmeter.gui.util.JMeterMenuBar: setRunning(false,*local*) 
2013/04/20 18:33:41 INFO  - jmeter.engine.StandardJMeterEngine: Test has ended on host null 
2013/04/20 18:35:04 INFO  - jmeter.engine.StandardJMeterEngine: Running the test! 
2013/04/20 18:35:04 INFO  - jmeter.gui.util.JMeterMenuBar: setRunning(true,*local*) 
2013/04/20 18:35:04 INFO  - jmeter.engine.StandardJMeterEngine: Starting 1 threads for group MatchPointRestFulService. 
2013/04/20 18:35:04 INFO  - jmeter.engine.StandardJMeterEngine: Thread will continue on error 
2013/04/20 18:35:04 INFO  - jmeter.engine.StandardJMeterEngine: All threads have been started 
2013/04/20 18:35:04 INFO  - jmeter.threads.JMeterThread: Thread started: MatchPointRestFulService 1-1 
2013/04/20 18:35:04 ERROR - jmeter.protocol.http.sampler.HTTPJavaImpl: readResponse: java.io.IOException: Server returned HTTP response code: 500 for URL: http://localhost:8080/sesmweb/service/rest/contacts/getlogin 
2013/04/20 18:35:04 ERROR - jmeter.protocol.http.sampler.HTTPJavaImpl: Cause: java.io.IOException: Server returned HTTP response code: 500 for URL: http://localhost:8080/sesmweb/service/rest/contacts/getlogin 
2013/04/20 18:35:04 INFO  - jmeter.protocol.http.sampler.HTTPJavaImpl: Error Response Code: 500, Server sent no Errorpage 
2013/04/20 18:35:04 INFO  - jmeter.threads.JMeterThread: Thread finished: MatchPointRestFulService 1-1 
2013/04/20 18:35:04 INFO  - jmeter.engine.StandardJMeterEngine: Ending thread MatchPointRestFulService 1-1 
2013/04/20 18:35:04 INFO  - jmeter.engine.StandardJMeterEngine: Notifying test listeners of end of test 
2013/04/20 18:35:04 INFO  - jmeter.gui.util.JMeterMenuBar: setRunning(false,*local*) 
2013/04/20 18:35:04 INFO  - jmeter.engine.StandardJMeterEngine: Test has ended on host null 
2013/04/20 18:42:53 INFO  - jmeter.engine.StandardJMeterEngine: Running the test! 
2013/04/20 18:42:53 INFO  - jmeter.gui.util.JMeterMenuBar: setRunning(true,*local*) 
2013/04/20 18:42:53 INFO  - jmeter.engine.StandardJMeterEngine: Starting 1 threads for group MatchPointRestFulService. 
2013/04/20 18:42:53 INFO  - jmeter.engine.StandardJMeterEngine: Thread will continue on error 
2013/04/20 18:42:53 INFO  - jmeter.engine.StandardJMeterEngine: All threads have been started 
2013/04/20 18:42:53 INFO  - jmeter.threads.JMeterThread: Thread started: MatchPointRestFulService 1-1 
2013/04/20 18:42:54 INFO  - jmeter.threads.JMeterThread: Thread finished: MatchPointRestFulService 1-1 
2013/04/20 18:42:54 INFO  - jmeter.engine.StandardJMeterEngine: Ending thread MatchPointRestFulService 1-1 
2013/04/20 18:42:54 INFO  - jmeter.engine.StandardJMeterEngine: Notifying test listeners of end of test 
2013/04/20 18:42:54 INFO  - jmeter.gui.util.JMeterMenuBar: setRunning(false,*local*) 
2013/04/20 18:42:54 INFO  - jmeter.engine.StandardJMeterEngine: Test has ended on host null 
2013/04/20 18:44:51 INFO  - jmeter.engine.StandardJMeterEngine: Running the test! 
2013/04/20 18:44:51 INFO  - jmeter.gui.util.JMeterMenuBar: setRunning(true,*local*) 
2013/04/20 18:44:52 INFO  - jmeter.engine.StandardJMeterEngine: Starting 1 threads for group MatchPointRestFulService. 
2013/04/20 18:44:52 INFO  - jmeter.engine.StandardJMeterEngine: Thread will continue on error 
2013/04/20 18:44:52 INFO  - jmeter.engine.StandardJMeterEngine: All threads have been started 
2013/04/20 18:44:52 INFO  - jmeter.threads.JMeterThread: Thread started: MatchPointRestFulService 1-1 
2013/04/20 18:44:52 INFO  - jmeter.threads.JMeterThread: Thread finished: MatchPointRestFulService 1-1 
2013/04/20 18:44:52 INFO  - jmeter.engine.StandardJMeterEngine: Ending thread MatchPointRestFulService 1-1 
2013/04/20 18:44:52 INFO  - jmeter.engine.StandardJMeterEngine: Notifying test listeners of end of test 
2013/04/20 18:44:52 INFO  - jmeter.gui.util.JMeterMenuBar: setRunning(false,*local*) 
2013/04/20 18:44:52 INFO  - jmeter.engine.StandardJMeterEngine: Test has ended on host null 
2013/04/20 18:44:55 INFO  - jmeter.engine.StandardJMeterEngine: Running the test! 
2013/04/20 18:44:55 INFO  - jmeter.gui.util.JMeterMenuBar: setRunning(true,*local*) 
2013/04/20 18:44:55 INFO  - jmeter.engine.StandardJMeterEngine: Starting 1 threads for group MatchPointRestFulService. 
2013/04/20 18:44:55 INFO  - jmeter.engine.StandardJMeterEngine: Thread will continue on error 
2013/04/20 18:44:55 INFO  - jmeter.engine.StandardJMeterEngine: All threads have been started 
2013/04/20 18:44:55 INFO  - jmeter.threads.JMeterThread: Thread started: MatchPointRestFulService 1-1 
2013/04/20 18:44:55 INFO  - jmeter.threads.JMeterThread: Thread finished: MatchPointRestFulService 1-1 
2013/04/20 18:44:55 INFO  - jmeter.engine.StandardJMeterEngine: Ending thread MatchPointRestFulService 1-1 
2013/04/20 18:44:55 INFO  - jmeter.engine.StandardJMeterEngine: Notifying test listeners of end of test 
2013/04/20 18:44:55 INFO  - jmeter.gui.util.JMeterMenuBar: setRunning(false,*local*) 
2013/04/20 18:44:55 INFO  - jmeter.engine.StandardJMeterEngine: Test has ended on host null 
